# JRE version: OpenJDK Runtime Environment GraalVM CE 22.3.0 (17.0.5+8) (build 17.0.5+8-jvmci-22.3-b08)
# Java VM: OpenJDK 64-Bit Server VM GraalVM CE 22.3.0 (17.0.5+8-jvmci-22.3-b08, mixed mode, sharing, tiered, jvmci, jvmci compiler, compressed oops, compressed class ptrs, parallel gc, linux-amd64)
GC Precious Log:
 CPUs: 16 total, 2 available
 Memory: 3215M
 Large Page Support: Disabled
 NUMA Support: Disabled
 Compressed Oops: Enabled (32-bit)
 Alignments: Space 512K, Generation 512K, Heap 2M
 Heap Min Capacity: 100M
 Heap Initial Capacity: 100M
 Heap Max Capacity: 512M
 Pre-touch: Disabled
 Parallel Workers: 2
Heap:
 PSYoungGen      total 68096K, used 33791K [0x00000000f5580000, 0x00000000fbb00000, 0x0000000100000000)
  eden space 33792K, 99% used [0x00000000f5580000,0x00000000f767fff0,0x00000000f7680000)
  from space 34304K, 0% used [0x00000000f7680000,0x00000000f7680000,0x00000000f9800000)
  to   space 32768K, 0% used [0x00000000f9b00000,0x00000000f9b00000,0x00000000fbb00000)
 ParOldGen       total 349696K, used 349695K [0x00000000e0000000, 0x00000000f5580000, 0x00000000f5580000)
  object space 349696K, 99% used [0x00000000e0000000,0x00000000f557ffe0,0x00000000f5580000)
 Metaspace       used 59681K, committed 60800K, reserved 1105920K
  class space    used 5500K, committed 5952K, reserved 1048576K
GC Heap History (20 events):
Event: 312.330 GC heap before
{Heap before GC invocations=276 (full 186):
 PSYoungGen      total 68096K, used 33791K [0x00000000f5580000, 0x00000000fbb00000, 0x0000000100000000)
  eden space 33792K, 99% used [0x00000000f5580000,0x00000000f767ffe0,0x00000000f7680000)
  from space 34304K, 0% used [0x00000000f7680000,0x00000000f7680000,0x00000000f9800000)
  to   space 32768K, 0% used [0x00000000f9b00000,0x00000000f9b00000,0x00000000fbb00000)
 ParOldGen       total 349696K, used 349695K [0x00000000e0000000, 0x00000000f5580000, 0x00000000f5580000)
  object space 349696K, 99% used [0x00000000e0000000,0x00000000f557fff0,0x00000000f5580000)
 Metaspace       used 59681K, committed 60800K, reserved 1105920K
  class space    used 5500K, committed 5952K, reserved 1048576K
}
Event: 312.868 GC heap after
{Heap after GC invocations=276 (full 186):
 PSYoungGen      total 66560K, used 33791K [0x00000000f5580000, 0x00000000fbb00000, 0x0000000100000000)
  eden space 33792K, 99% used [0x00000000f5580000,0x00000000f767ffe0,0x00000000f7680000)
  from space 32768K, 0% used [0x00000000f9b00000,0x00000000f9b00000,0x00000000fbb00000)
  to   space 34304K, 0% used [0x00000000f7680000,0x00000000f7680000,0x00000000f9800000)
 ParOldGen       total 349696K, used 349695K [0x00000000e0000000, 0x00000000f5580000, 0x00000000f5580000)
  object space 349696K, 99% used [0x00000000e0000000,0x00000000f557fff0,0x00000000f5580000)
 Metaspace       used 59681K, committed 60800K, reserved 1105920K
  class space    used 5500K, committed 5952K, reserved 1048576K
}
Event: 312.870 GC heap before
{Heap before GC invocations=277 (full 187):
 PSYoungGen      total 66560K, used 33792K [0x00000000f5580000, 0x00000000fbb00000, 0x0000000100000000)
  eden space 33792K, 100% used [0x00000000f5580000,0x00000000f7680000,0x00000000f7680000)
  from space 32768K, 0% used [0x00000000f9b00000,0x00000000f9b00000,0x00000000fbb00000)
  to   space 34304K, 0% used [0x00000000f7680000,0x00000000f7680000,0x00000000f9800000)
 ParOldGen       total 349696K, used 349695K [0x00000000e0000000, 0x00000000f5580000, 0x00000000f5580000)
  object space 349696K, 99% used [0x00000000e0000000,0x00000000f557fff0,0x00000000f5580000)
 Metaspace       used 59681K, committed 60800K, reserved 1105920K
  class space    used 5500K, committed 5952K, reserved 1048576K
}
Event: 313.451 GC heap after
{Heap after GC invocations=277 (full 187):
 PSYoungGen      total 68096K, used 33792K [0x00000000f5580000, 0x00000000fbb00000, 0x0000000100000000)
  eden space 33792K, 100% used [0x00000000f5580000,0x00000000f7680000,0x00000000f7680000)
  from space 34304K, 0% used [0x00000000f7680000,0x00000000f7680000,0x00000000f9800000)
  to   space 32768K, 0% used [0x00000000f9b00000,0x00000000f9b00000,0x00000000fbb00000)
 ParOldGen       total 349696K, used 349694K [0x00000000e0000000, 0x00000000f5580000, 0x00000000f5580000)
  object space 349696K, 99% used [0x00000000e0000000,0x00000000f557fa50,0x00000000f5580000)
 Metaspace       used 59681K, committed 60800K, reserved 1105920K
  class space    used 5500K, committed 5952K, reserved 1048576K
}
Event: 313.452 GC heap before
{Heap before GC invocations=278 (full 188):
 PSYoungGen      total 68096K, used 33792K [0x00000000f5580000, 0x00000000fbb00000, 0x0000000100000000)
  eden space 33792K, 100% used [0x00000000f5580000,0x00000000f7680000,0x00000000f7680000)
  from space 34304K, 0% used [0x00000000f7680000,0x00000000f7680000,0x00000000f9800000)
  to   space 32768K, 0% used [0x00000000f9b00000,0x00000000f9b00000,0x00000000fbb00000)
 ParOldGen       total 349696K, used 349695K [0x00000000e0000000, 0x00000000f5580000, 0x00000000f5580000)
  object space 349696K, 99% used [0x00000000e0000000,0x00000000f557ffd8,0x00000000f5580000)
 Metaspace       used 59681K, committed 60800K, reserved 1105920K
  class space    used 5500K, committed 5952K, reserved 1048576K
}
Event: 314.013 GC heap after
{Heap after GC invocations=278 (full 188):
 PSYoungGen      total 66560K, used 33791K [0x00000000f5580000, 0x00000000fbb00000, 0x0000000100000000)
  eden space 33792K, 99% used [0x00000000f5580000,0x00000000f767ffa8,0x00000000f7680000)
  from space 32768K, 0% used [0x00000000f9b00000,0x00000000f9b00000,0x00000000fbb00000)
  to   space 34304K, 0% used [0x00000000f7680000,0x00000000f7680000,0x00000000f9800000)
 ParOldGen       total 349696K, used 349694K [0x00000000e0000000, 0x00000000f5580000, 0x00000000f5580000)
  object space 349696K, 99% used [0x00000000e0000000,0x00000000f557fad8,0x00000000f5580000)
 Metaspace       used 59681K, committed 60800K, reserved 1105920K
  class space    used 5500K, committed 5952K, reserved 1048576K
}
Event: 314.014 GC heap before
{Heap before GC invocations=279 (full 189):
 PSYoungGen      total 66560K, used 33792K [0x00000000f5580000, 0x00000000fbb00000, 0x0000000100000000)
  eden space 33792K, 100% used [0x00000000f5580000,0x00000000f7680000,0x00000000f7680000)
  from space 32768K, 0% used [0x00000000f9b00000,0x00000000f9b00000,0x00000000fbb00000)
  to   space 34304K, 0% used [0x00000000f7680000,0x00000000f7680000,0x00000000f9800000)
 ParOldGen       total 349696K, used 349694K [0x00000000e0000000, 0x00000000f5580000, 0x00000000f5580000)
  object space 349696K, 99% used [0x00000000e0000000,0x00000000f557fad8,0x00000000f5580000)
 Metaspace       used 59681K, committed 60800K, reserved 1105920K
  class space    used 5500K, committed 5952K, reserved 1048576K
}
Event: 314.544 GC heap after
{Heap after GC invocations=279 (full 189):
 PSYoungGen      total 68096K, used 33792K [0x00000000f5580000, 0x00000000fbb00000, 0x0000000100000000)
  eden space 33792K, 100% used [0x00000000f5580000,0x00000000f7680000,0x00000000f7680000)
  from space 34304K, 0% used [0x00000000f7680000,0x00000000f7680000,0x00000000f9800000)
  to   space 32768K, 0% used [0x00000000f9b00000,0x00000000f9b00000,0x00000000fbb00000)
 ParOldGen       total 349696K, used 349694K [0x00000000e0000000, 0x00000000f5580000, 0x00000000f5580000)
  object space 349696K, 99% used [0x00000000e0000000,0x00000000f557fa98,0x00000000f5580000)
 Metaspace       used 59681K, committed 60800K, reserved 1105920K
  class space    used 5500K, committed 5952K, reserved 1048576K
}
Event: 314.545 GC heap before
{Heap before GC invocations=280 (full 190):
 PSYoungGen      total 68096K, used 33792K [0x00000000f5580000, 0x00000000fbb00000, 0x0000000100000000)
  eden space 33792K, 100% used [0x00000000f5580000,0x00000000f7680000,0x00000000f7680000)
  from space 34304K, 0% used [0x00000000f7680000,0x00000000f7680000,0x00000000f9800000)
  to   space 32768K, 0% used [0x00000000f9b00000,0x00000000f9b00000,0x00000000fbb00000)
 ParOldGen       total 349696K, used 349695K [0x00000000e0000000, 0x00000000f5580000, 0x00000000f5580000)
  object space 349696K, 99% used [0x00000000e0000000,0x00000000f557ffb0,0x00000000f5580000)
 Metaspace       used 59681K, committed 60800K, reserved 1105920K
  class space    used 5500K, committed 5952K, reserved 1048576K
}
Event: 315.074 GC heap after
{Heap after GC invocations=280 (full 190):
 PSYoungGen      total 66560K, used 33791K [0x00000000f5580000, 0x00000000fbb00000, 0x0000000100000000)
  eden space 33792K, 99% used [0x00000000f5580000,0x00000000f767fdc0,0x00000000f7680000)
  from space 32768K, 0% used [0x00000000f9b00000,0x00000000f9b00000,0x00000000fbb00000)
  to   space 34304K, 0% used [0x00000000f7680000,0x00000000f7680000,0x00000000f9800000)
 ParOldGen       total 349696K, used 349695K [0x00000000e0000000, 0x00000000f5580000, 0x00000000f5580000)
  object space 349696K, 99% used [0x00000000e0000000,0x00000000f557fc30,0x00000000f5580000)
 Metaspace       used 59681K, committed 60800K, reserved 1105920K
  class space    used 5500K, committed 5952K, reserved 1048576K
}
Event: 315.075 GC heap before
{Heap before GC invocations=281 (full 191):
 PSYoungGen      total 66560K, used 33791K [0x00000000f5580000, 0x00000000fbb00000, 0x0000000100000000)
  eden space 33792K, 99% used [0x00000000f5580000,0x00000000f767fff8,0x00000000f7680000)
  from space 32768K, 0% used [0x00000000f9b00000,0x00000000f9b00000,0x00000000fbb00000)
  to   space 34304K, 0% used [0x00000000f7680000,0x00000000f7680000,0x00000000f9800000)
 ParOldGen       total 349696K, used 349695K [0x00000000e0000000, 0x00000000f5580000, 0x00000000f5580000)
  object space 349696K, 99% used [0x00000000e0000000,0x00000000f557fc30,0x00000000f5580000)
 Metaspace       used 59681K, committed 60800K, reserved 1105920K
  class space    used 5500K, committed 5952K, reserved 1048576K
}
Event: 315.642 GC heap after
{Heap after GC invocations=281 (full 191):
 PSYoungGen      total 68096K, used 33791K [0x00000000f5580000, 0x00000000fbb00000, 0x0000000100000000)
  eden space 33792K, 99% used [0x00000000f5580000,0x00000000f767ff90,0x00000000f7680000)
  from space 34304K, 0% used [0x00000000f7680000,0x00000000f7680000,0x00000000f9800000)
  to   space 32768K, 0% used [0x00000000f9b00000,0x00000000f9b00000,0x00000000fbb00000)
 ParOldGen       total 349696K, used 349695K [0x00000000e0000000, 0x00000000f5580000, 0x00000000f5580000)
  object space 349696K, 99% used [0x00000000e0000000,0x00000000f557fc10,0x00000000f5580000)
 Metaspace       used 59681K, committed 60800K, reserved 1105920K
  class space    used 5500K, committed 5952K, reserved 1048576K
}
Event: 315.642 GC heap before
{Heap before GC invocations=282 (full 192):
 PSYoungGen      total 68096K, used 33791K [0x00000000f5580000, 0x00000000fbb00000, 0x0000000100000000)
  eden space 33792K, 99% used [0x00000000f5580000,0x00000000f767fff8,0x00000000f7680000)
  from space 34304K, 0% used [0x00000000f7680000,0x00000000f7680000,0x00000000f9800000)
  to   space 32768K, 0% used [0x00000000f9b00000,0x00000000f9b00000,0x00000000fbb00000)
 ParOldGen       total 349696K, used 349695K [0x00000000e0000000, 0x00000000f5580000, 0x00000000f5580000)
  object space 349696K, 99% used [0x00000000e0000000,0x00000000f557fc10,0x00000000f5580000)
 Metaspace       used 59681K, committed 60800K, reserved 1105920K
  class space    used 5500K, committed 5952K, reserved 1048576K
}
Event: 316.180 GC heap after
{Heap after GC invocations=282 (full 192):
 PSYoungGen      total 66560K, used 33791K [0x00000000f5580000, 0x00000000fbb00000, 0x0000000100000000)
  eden space 33792K, 99% used [0x00000000f5580000,0x00000000f767ffd8,0x00000000f7680000)
  from space 32768K, 0% used [0x00000000f9b00000,0x00000000f9b00000,0x00000000fbb00000)
  to   space 34304K, 0% used [0x00000000f7680000,0x00000000f7680000,0x00000000f9800000)
 ParOldGen       total 349696K, used 349695K [0x00000000e0000000, 0x00000000f5580000, 0x00000000f5580000)
  object space 349696K, 99% used [0x00000000e0000000,0x00000000f557fc10,0x00000000f5580000)
 Metaspace       used 59681K, committed 60800K, reserved 1105920K
  class space    used 5500K, committed 5952K, reserved 1048576K
}
Event: 316.182 GC heap before
{Heap before GC invocations=283 (full 193):
 PSYoungGen      total 66560K, used 33791K [0x00000000f5580000, 0x00000000fbb00000, 0x0000000100000000)
  eden space 33792K, 99% used [0x00000000f5580000,0x00000000f767fff8,0x00000000f7680000)
  from space 32768K, 0% used [0x00000000f9b00000,0x00000000f9b00000,0x00000000fbb00000)
  to   space 34304K, 0% used [0x00000000f7680000,0x00000000f7680000,0x00000000f9800000)
 ParOldGen       total 349696K, used 349695K [0x00000000e0000000, 0x00000000f5580000, 0x00000000f5580000)
  object space 349696K, 99% used [0x00000000e0000000,0x00000000f557fff0,0x00000000f5580000)
 Metaspace       used 59681K, committed 60800K, reserved 1105920K
  class space    used 5500K, committed 5952K, reserved 1048576K
}
Event: 316.796 GC heap after
{Heap after GC invocations=283 (full 193):
 PSYoungGen      total 68096K, used 33791K [0x00000000f5580000, 0x00000000fbb00000, 0x0000000100000000)
  eden space 33792K, 99% used [0x00000000f5580000,0x00000000f767ff10,0x00000000f7680000)
  from space 34304K, 0% used [0x00000000f7680000,0x00000000f7680000,0x00000000f9800000)
  to   space 32768K, 0% used [0x00000000f9b00000,0x00000000f9b00000,0x00000000fbb00000)
 ParOldGen       total 349696K, used 349695K [0x00000000e0000000, 0x00000000f5580000, 0x00000000f5580000)
  object space 349696K, 99% used [0x00000000e0000000,0x00000000f557fe10,0x00000000f5580000)
 Metaspace       used 59681K, committed 60800K, reserved 1105920K
  class space    used 5500K, committed 5952K, reserved 1048576K
}
Event: 316.800 GC heap before
{Heap before GC invocations=284 (full 194):
 PSYoungGen      total 68096K, used 33791K [0x00000000f5580000, 0x00000000fbb00000, 0x0000000100000000)
  eden space 33792K, 99% used [0x00000000f5580000,0x00000000f767ffe0,0x00000000f7680000)
  from space 34304K, 0% used [0x00000000f7680000,0x00000000f7680000,0x00000000f9800000)
  to   space 32768K, 0% used [0x00000000f9b00000,0x00000000f9b00000,0x00000000fbb00000)
 ParOldGen       total 349696K, used 349695K [0x00000000e0000000, 0x00000000f5580000, 0x00000000f5580000)
  object space 349696K, 99% used [0x00000000e0000000,0x00000000f557fe10,0x00000000f5580000)
 Metaspace       used 59681K, committed 60800K, reserved 1105920K
  class space    used 5500K, committed 5952K, reserved 1048576K
}
Event: 317.433 GC heap after
{Heap after GC invocations=284 (full 194):
 PSYoungGen      total 66560K, used 33791K [0x00000000f5580000, 0x00000000fbb00000, 0x0000000100000000)
  eden space 33792K, 99% used [0x00000000f5580000,0x00000000f767ffa0,0x00000000f7680000)
  from space 32768K, 0% used [0x00000000f9b00000,0x00000000f9b00000,0x00000000fbb00000)
  to   space 34304K, 0% used [0x00000000f7680000,0x00000000f7680000,0x00000000f9800000)
 ParOldGen       total 349696K, used 349695K [0x00000000e0000000, 0x00000000f5580000, 0x00000000f5580000)
  object space 349696K, 99% used [0x00000000e0000000,0x00000000f557fe10,0x00000000f5580000)
 Metaspace       used 59681K, committed 60800K, reserved 1105920K
  class space    used 5500K, committed 5952K, reserved 1048576K
}
Event: 317.433 GC heap before
{Heap before GC invocations=285 (full 195):
 PSYoungGen      total 66560K, used 33791K [0x00000000f5580000, 0x00000000fbb00000, 0x0000000100000000)
  eden space 33792K, 99% used [0x00000000f5580000,0x00000000f767ffa0,0x00000000f7680000)
  from space 32768K, 0% used [0x00000000f9b00000,0x00000000f9b00000,0x00000000fbb00000)
  to   space 34304K, 0% used [0x00000000f7680000,0x00000000f7680000,0x00000000f9800000)
 ParOldGen       total 349696K, used 349695K [0x00000000e0000000, 0x00000000f5580000, 0x00000000f5580000)
  object space 349696K, 99% used [0x00000000e0000000,0x00000000f557fe10,0x00000000f5580000)
 Metaspace       used 59681K, committed 60800K, reserved 1105920K
  class space    used 5500K, committed 5952K, reserved 1048576K
}
Event: 318.153 GC heap after
{Heap after GC invocations=285 (full 195):
 PSYoungGen      total 68096K, used 33791K [0x00000000f5580000, 0x00000000fbb00000, 0x0000000100000000)
  eden space 33792K, 99% used [0x00000000f5580000,0x00000000f767ffa0,0x00000000f7680000)
  from space 34304K, 0% used [0x00000000f7680000,0x00000000f7680000,0x00000000f9800000)
  to   space 32768K, 0% used [0x00000000f9b00000,0x00000000f9b00000,0x00000000fbb00000)
 ParOldGen       total 349696K, used 349695K [0x00000000e0000000, 0x00000000f5580000, 0x00000000f5580000)
  object space 349696K, 99% used [0x00000000e0000000,0x00000000f557fe10,0x00000000f5580000)
 Metaspace       used 59681K, committed 60800K, reserved 1105920K
  class space    used 5500K, committed 5952K, reserved 1048576K
}

