# JRE version: OpenJDK Runtime Environment GraalVM CE 22.3.0 (17.0.5+8) (build 17.0.5+8-jvmci-22.3-b08)
# Java VM: OpenJDK 64-Bit Server VM GraalVM CE 22.3.0 (17.0.5+8-jvmci-22.3-b08, mixed mode, sharing, tiered, jvmci, jvmci compiler, compressed oops, compressed class ptrs, parallel gc, linux-amd64)
GC Precious Log:
 CPUs: 16 total, 2 available
 Memory: 3215M
 Large Page Support: Disabled
 NUMA Support: Disabled
 Compressed Oops: Enabled (32-bit)
 Alignments: Space 512K, Generation 512K, Heap 2M
 Heap Min Capacity: 100M
 Heap Initial Capacity: 100M
 Heap Max Capacity: 512M
 Pre-touch: Disabled
 Parallel Workers: 2
Heap:
 PSYoungGen      total 56320K, used 32255K [0x00000000f5580000, 0x00000000fa680000, 0x0000000100000000)
  eden space 32256K, 99% used [0x00000000f5580000,0x00000000f74ffff0,0x00000000f7500000)
  from space 24064K, 0% used [0x00000000f8d80000,0x00000000f8d80000,0x00000000fa500000)
  to   space 24576K, 0% used [0x00000000f7500000,0x00000000f7500000,0x00000000f8d00000)
 ParOldGen       total 349696K, used 349695K [0x00000000e0000000, 0x00000000f5580000, 0x00000000f5580000)
  object space 349696K, 99% used [0x00000000e0000000,0x00000000f557ffe8,0x00000000f5580000)
 Metaspace       used 55495K, committed 56384K, reserved 1105920K
  class space    used 5465K, committed 5824K, reserved 1048576K
GC Heap History (20 events):
Event: 884.379 GC heap before
{Heap before GC invocations=1669 (full 1584):
 PSYoungGen      total 56320K, used 32255K [0x00000000f5580000, 0x00000000fa680000, 0x0000000100000000)
  eden space 32256K, 99% used [0x00000000f5580000,0x00000000f74ffff8,0x00000000f7500000)
  from space 24064K, 0% used [0x00000000f8d80000,0x00000000f8d80000,0x00000000fa500000)
  to   space 24576K, 0% used [0x00000000f7500000,0x00000000f7500000,0x00000000f8d00000)
 ParOldGen       total 349696K, used 349695K [0x00000000e0000000, 0x00000000f5580000, 0x00000000f5580000)
  object space 349696K, 99% used [0x00000000e0000000,0x00000000f557fff8,0x00000000f5580000)
 Metaspace       used 55495K, committed 56384K, reserved 1105920K
  class space    used 5465K, committed 5824K, reserved 1048576K
}
Event: 884.858 GC heap after
{Heap after GC invocations=1669 (full 1584):
 PSYoungGen      total 56832K, used 32255K [0x00000000f5580000, 0x00000000fa680000, 0x0000000100000000)
  eden space 32256K, 99% used [0x00000000f5580000,0x00000000f74fff60,0x00000000f7500000)
  from space 24576K, 0% used [0x00000000f7500000,0x00000000f7500000,0x00000000f8d00000)
  to   space 24064K, 0% used [0x00000000f8d80000,0x00000000f8d80000,0x00000000fa500000)
 ParOldGen       total 349696K, used 349695K [0x00000000e0000000, 0x00000000f5580000, 0x00000000f5580000)
  object space 349696K, 99% used [0x00000000e0000000,0x00000000f557ffe0,0x00000000f5580000)
 Metaspace       used 55495K, committed 56384K, reserved 1105920K
  class space    used 5465K, committed 5824K, reserved 1048576K
}
Event: 884.860 GC heap before
{Heap before GC invocations=1670 (full 1585):
 PSYoungGen      total 56832K, used 32255K [0x00000000f5580000, 0x00000000fa680000, 0x0000000100000000)
  eden space 32256K, 99% used [0x00000000f5580000,0x00000000f74ffff8,0x00000000f7500000)
  from space 24576K, 0% used [0x00000000f7500000,0x00000000f7500000,0x00000000f8d00000)
  to   space 24064K, 0% used [0x00000000f8d80000,0x00000000f8d80000,0x00000000fa500000)
 ParOldGen       total 349696K, used 349695K [0x00000000e0000000, 0x00000000f5580000, 0x00000000f5580000)
  object space 349696K, 99% used [0x00000000e0000000,0x00000000f557ffe0,0x00000000f5580000)
 Metaspace       used 55495K, committed 56384K, reserved 1105920K
  class space    used 5465K, committed 5824K, reserved 1048576K
}
Event: 885.391 GC heap after
{Heap after GC invocations=1670 (full 1585):
 PSYoungGen      total 56320K, used 32255K [0x00000000f5580000, 0x00000000fa680000, 0x0000000100000000)
  eden space 32256K, 99% used [0x00000000f5580000,0x00000000f74fffc8,0x00000000f7500000)
  from space 24064K, 0% used [0x00000000f8d80000,0x00000000f8d80000,0x00000000fa500000)
  to   space 24576K, 0% used [0x00000000f7500000,0x00000000f7500000,0x00000000f8d00000)
 ParOldGen       total 349696K, used 349695K [0x00000000e0000000, 0x00000000f5580000, 0x00000000f5580000)
  object space 349696K, 99% used [0x00000000e0000000,0x00000000f557ffe0,0x00000000f5580000)
 Metaspace       used 55495K, committed 56384K, reserved 1105920K
  class space    used 5465K, committed 5824K, reserved 1048576K
}
Event: 885.391 GC heap before
{Heap before GC invocations=1671 (full 1586):
 PSYoungGen      total 56320K, used 32255K [0x00000000f5580000, 0x00000000fa680000, 0x0000000100000000)
  eden space 32256K, 99% used [0x00000000f5580000,0x00000000f74ffff0,0x00000000f7500000)
  from space 24064K, 0% used [0x00000000f8d80000,0x00000000f8d80000,0x00000000fa500000)
  to   space 24576K, 0% used [0x00000000f7500000,0x00000000f7500000,0x00000000f8d00000)
 ParOldGen       total 349696K, used 349695K [0x00000000e0000000, 0x00000000f5580000, 0x00000000f5580000)
  object space 349696K, 99% used [0x00000000e0000000,0x00000000f557ffe0,0x00000000f5580000)
 Metaspace       used 55495K, committed 56384K, reserved 1105920K
  class space    used 5465K, committed 5824K, reserved 1048576K
}
Event: 885.897 GC heap after
{Heap after GC invocations=1671 (full 1586):
 PSYoungGen      total 56832K, used 32255K [0x00000000f5580000, 0x00000000fa680000, 0x0000000100000000)
  eden space 32256K, 99% used [0x00000000f5580000,0x00000000f74ffff0,0x00000000f7500000)
  from space 24576K, 0% used [0x00000000f7500000,0x00000000f7500000,0x00000000f8d00000)
  to   space 24064K, 0% used [0x00000000f8d80000,0x00000000f8d80000,0x00000000fa500000)
 ParOldGen       total 349696K, used 349695K [0x00000000e0000000, 0x00000000f5580000, 0x00000000f5580000)
  object space 349696K, 99% used [0x00000000e0000000,0x00000000f557ffe0,0x00000000f5580000)
 Metaspace       used 55495K, committed 56384K, reserved 1105920K
  class space    used 5465K, committed 5824K, reserved 1048576K
}
Event: 885.897 GC heap before
{Heap before GC invocations=1672 (full 1587):
 PSYoungGen      total 56832K, used 32255K [0x00000000f5580000, 0x00000000fa680000, 0x0000000100000000)
  eden space 32256K, 99% used [0x00000000f5580000,0x00000000f74ffff0,0x00000000f7500000)
  from space 24576K, 0% used [0x00000000f7500000,0x00000000f7500000,0x00000000f8d00000)
  to   space 24064K, 0% used [0x00000000f8d80000,0x00000000f8d80000,0x00000000fa500000)
 ParOldGen       total 349696K, used 349695K [0x00000000e0000000, 0x00000000f5580000, 0x00000000f5580000)
  object space 349696K, 99% used [0x00000000e0000000,0x00000000f557fff8,0x00000000f5580000)
 Metaspace       used 55495K, committed 56384K, reserved 1105920K
  class space    used 5465K, committed 5824K, reserved 1048576K
}
Event: 886.429 GC heap after
{Heap after GC invocations=1672 (full 1587):
 PSYoungGen      total 56320K, used 32255K [0x00000000f5580000, 0x00000000fa680000, 0x0000000100000000)
  eden space 32256K, 99% used [0x00000000f5580000,0x00000000f74ffff0,0x00000000f7500000)
  from space 24064K, 0% used [0x00000000f8d80000,0x00000000f8d80000,0x00000000fa500000)
  to   space 24576K, 0% used [0x00000000f7500000,0x00000000f7500000,0x00000000f8d00000)
 ParOldGen       total 349696K, used 349695K [0x00000000e0000000, 0x00000000f5580000, 0x00000000f5580000)
  object space 349696K, 99% used [0x00000000e0000000,0x00000000f557fff8,0x00000000f5580000)
 Metaspace       used 55495K, committed 56384K, reserved 1105920K
  class space    used 5465K, committed 5824K, reserved 1048576K
}
Event: 886.429 GC heap before
{Heap before GC invocations=1673 (full 1588):
 PSYoungGen      total 56320K, used 32255K [0x00000000f5580000, 0x00000000fa680000, 0x0000000100000000)
  eden space 32256K, 99% used [0x00000000f5580000,0x00000000f74ffff0,0x00000000f7500000)
  from space 24064K, 0% used [0x00000000f8d80000,0x00000000f8d80000,0x00000000fa500000)
  to   space 24576K, 0% used [0x00000000f7500000,0x00000000f7500000,0x00000000f8d00000)
 ParOldGen       total 349696K, used 349695K [0x00000000e0000000, 0x00000000f5580000, 0x00000000f5580000)
  object space 349696K, 99% used [0x00000000e0000000,0x00000000f557fff8,0x00000000f5580000)
 Metaspace       used 55495K, committed 56384K, reserved 1105920K
  class space    used 5465K, committed 5824K, reserved 1048576K
}
Event: 886.962 GC heap after
{Heap after GC invocations=1673 (full 1588):
 PSYoungGen      total 56832K, used 32255K [0x00000000f5580000, 0x00000000fa680000, 0x0000000100000000)
  eden space 32256K, 99% used [0x00000000f5580000,0x00000000f74ffff0,0x00000000f7500000)
  from space 24576K, 0% used [0x00000000f7500000,0x00000000f7500000,0x00000000f8d00000)
  to   space 24064K, 0% used [0x00000000f8d80000,0x00000000f8d80000,0x00000000fa500000)
 ParOldGen       total 349696K, used 349695K [0x00000000e0000000, 0x00000000f5580000, 0x00000000f5580000)
  object space 349696K, 99% used [0x00000000e0000000,0x00000000f557fff8,0x00000000f5580000)
 Metaspace       used 55495K, committed 56384K, reserved 1105920K
  class space    used 5465K, committed 5824K, reserved 1048576K
}
Event: 886.963 GC heap before
{Heap before GC invocations=1674 (full 1589):
 PSYoungGen      total 56832K, used 32255K [0x00000000f5580000, 0x00000000fa680000, 0x0000000100000000)
  eden space 32256K, 99% used [0x00000000f5580000,0x00000000f74ffff0,0x00000000f7500000)
  from space 24576K, 0% used [0x00000000f7500000,0x00000000f7500000,0x00000000f8d00000)
  to   space 24064K, 0% used [0x00000000f8d80000,0x00000000f8d80000,0x00000000fa500000)
 ParOldGen       total 349696K, used 349695K [0x00000000e0000000, 0x00000000f5580000, 0x00000000f5580000)
  object space 349696K, 99% used [0x00000000e0000000,0x00000000f557fff8,0x00000000f5580000)
 Metaspace       used 55495K, committed 56384K, reserved 1105920K
  class space    used 5465K, committed 5824K, reserved 1048576K
}
Event: 887.447 GC heap after
{Heap after GC invocations=1674 (full 1589):
 PSYoungGen      total 56320K, used 32255K [0x00000000f5580000, 0x00000000fa680000, 0x0000000100000000)
  eden space 32256K, 99% used [0x00000000f5580000,0x00000000f74ffff0,0x00000000f7500000)
  from space 24064K, 0% used [0x00000000f8d80000,0x00000000f8d80000,0x00000000fa500000)
  to   space 24576K, 0% used [0x00000000f7500000,0x00000000f7500000,0x00000000f8d00000)
 ParOldGen       total 349696K, used 349695K [0x00000000e0000000, 0x00000000f5580000, 0x00000000f5580000)
  object space 349696K, 99% used [0x00000000e0000000,0x00000000f557fff8,0x00000000f5580000)
 Metaspace       used 55495K, committed 56384K, reserved 1105920K
  class space    used 5465K, committed 5824K, reserved 1048576K
}
Event: 887.447 GC heap before
{Heap before GC invocations=1675 (full 1590):
 PSYoungGen      total 56320K, used 32255K [0x00000000f5580000, 0x00000000fa680000, 0x0000000100000000)
  eden space 32256K, 99% used [0x00000000f5580000,0x00000000f74ffff0,0x00000000f7500000)
  from space 24064K, 0% used [0x00000000f8d80000,0x00000000f8d80000,0x00000000fa500000)
  to   space 24576K, 0% used [0x00000000f7500000,0x00000000f7500000,0x00000000f8d00000)
 ParOldGen       total 349696K, used 349695K [0x00000000e0000000, 0x00000000f5580000, 0x00000000f5580000)
  object space 349696K, 99% used [0x00000000e0000000,0x00000000f557fff8,0x00000000f5580000)
 Metaspace       used 55495K, committed 56384K, reserved 1105920K
  class space    used 5465K, committed 5824K, reserved 1048576K
}
Event: 887.979 GC heap after
{Heap after GC invocations=1675 (full 1590):
 PSYoungGen      total 56832K, used 32255K [0x00000000f5580000, 0x00000000fa680000, 0x0000000100000000)
  eden space 32256K, 99% used [0x00000000f5580000,0x00000000f74ffff0,0x00000000f7500000)
  from space 24576K, 0% used [0x00000000f7500000,0x00000000f7500000,0x00000000f8d00000)
  to   space 24064K, 0% used [0x00000000f8d80000,0x00000000f8d80000,0x00000000fa500000)
 ParOldGen       total 349696K, used 349695K [0x00000000e0000000, 0x00000000f5580000, 0x00000000f5580000)
  object space 349696K, 99% used [0x00000000e0000000,0x00000000f557fff8,0x00000000f5580000)
 Metaspace       used 55495K, committed 56384K, reserved 1105920K
  class space    used 5465K, committed 5824K, reserved 1048576K
}
Event: 887.980 GC heap before
{Heap before GC invocations=1676 (full 1591):
 PSYoungGen      total 56832K, used 32256K [0x00000000f5580000, 0x00000000fa680000, 0x0000000100000000)
  eden space 32256K, 100% used [0x00000000f5580000,0x00000000f7500000,0x00000000f7500000)
  from space 24576K, 0% used [0x00000000f7500000,0x00000000f7500000,0x00000000f8d00000)
  to   space 24064K, 0% used [0x00000000f8d80000,0x00000000f8d80000,0x00000000fa500000)
 ParOldGen       total 349696K, used 349695K [0x00000000e0000000, 0x00000000f5580000, 0x00000000f5580000)
  object space 349696K, 99% used [0x00000000e0000000,0x00000000f557fff8,0x00000000f5580000)
 Metaspace       used 55495K, committed 56384K, reserved 1105920K
  class space    used 5465K, committed 5824K, reserved 1048576K
}
Event: 888.493 GC heap after
{Heap after GC invocations=1676 (full 1591):
 PSYoungGen      total 56320K, used 32255K [0x00000000f5580000, 0x00000000fa680000, 0x0000000100000000)
  eden space 32256K, 99% used [0x00000000f5580000,0x00000000f74ffd40,0x00000000f7500000)
  from space 24064K, 0% used [0x00000000f8d80000,0x00000000f8d80000,0x00000000fa500000)
  to   space 24576K, 0% used [0x00000000f7500000,0x00000000f7500000,0x00000000f8d00000)
 ParOldGen       total 349696K, used 349695K [0x00000000e0000000, 0x00000000f5580000, 0x00000000f5580000)
  object space 349696K, 99% used [0x00000000e0000000,0x00000000f557ffa0,0x00000000f5580000)
 Metaspace       used 55495K, committed 56384K, reserved 1105920K
  class space    used 5465K, committed 5824K, reserved 1048576K
}
Event: 888.493 GC heap before
{Heap before GC invocations=1677 (full 1592):
 PSYoungGen      total 56320K, used 32255K [0x00000000f5580000, 0x00000000fa680000, 0x0000000100000000)
  eden space 32256K, 99% used [0x00000000f5580000,0x00000000f74ffe58,0x00000000f7500000)
  from space 24064K, 0% used [0x00000000f8d80000,0x00000000f8d80000,0x00000000fa500000)
  to   space 24576K, 0% used [0x00000000f7500000,0x00000000f7500000,0x00000000f8d00000)
 ParOldGen       total 349696K, used 349695K [0x00000000e0000000, 0x00000000f5580000, 0x00000000f5580000)
  object space 349696K, 99% used [0x00000000e0000000,0x00000000f557ffa0,0x00000000f5580000)
 Metaspace       used 55495K, committed 56384K, reserved 1105920K
  class space    used 5465K, committed 5824K, reserved 1048576K
}
Event: 889.059 GC heap after
{Heap after GC invocations=1677 (full 1592):
 PSYoungGen      total 56832K, used 32255K [0x00000000f5580000, 0x00000000fa680000, 0x0000000100000000)
  eden space 32256K, 99% used [0x00000000f5580000,0x00000000f74ffd58,0x00000000f7500000)
  from space 24576K, 0% used [0x00000000f7500000,0x00000000f7500000,0x00000000f8d00000)
  to   space 24064K, 0% used [0x00000000f8d80000,0x00000000f8d80000,0x00000000fa500000)
 ParOldGen       total 349696K, used 349695K [0x00000000e0000000, 0x00000000f5580000, 0x00000000f5580000)
  object space 349696K, 99% used [0x00000000e0000000,0x00000000f557ffa0,0x00000000f5580000)
 Metaspace       used 55495K, committed 56384K, reserved 1105920K
  class space    used 5465K, committed 5824K, reserved 1048576K
}
Event: 889.059 GC heap before
{Heap before GC invocations=1678 (full 1593):
 PSYoungGen      total 56832K, used 32255K [0x00000000f5580000, 0x00000000fa680000, 0x0000000100000000)
  eden space 32256K, 99% used [0x00000000f5580000,0x00000000f74ffd58,0x00000000f7500000)
  from space 24576K, 0% used [0x00000000f7500000,0x00000000f7500000,0x00000000f8d00000)
  to   space 24064K, 0% used [0x00000000f8d80000,0x00000000f8d80000,0x00000000fa500000)
 ParOldGen       total 349696K, used 349695K [0x00000000e0000000, 0x00000000f5580000, 0x00000000f5580000)
  object space 349696K, 99% used [0x00000000e0000000,0x00000000f557ffa0,0x00000000f5580000)
 Metaspace       used 55495K, committed 56384K, reserved 1105920K
  class space    used 5465K, committed 5824K, reserved 1048576K
}
Event: 889.635 GC heap after
{Heap after GC invocations=1678 (full 1593):
 PSYoungGen      total 56320K, used 32255K [0x00000000f5580000, 0x00000000fa680000, 0x0000000100000000)
  eden space 32256K, 99% used [0x00000000f5580000,0x00000000f74ffd58,0x00000000f7500000)
  from space 24064K, 0% used [0x00000000f8d80000,0x00000000f8d80000,0x00000000fa500000)
  to   space 24576K, 0% used [0x00000000f7500000,0x00000000f7500000,0x00000000f8d00000)
 ParOldGen       total 349696K, used 349695K [0x00000000e0000000, 0x00000000f5580000, 0x00000000f5580000)
  object space 349696K, 99% used [0x00000000e0000000,0x00000000f557ffa0,0x00000000f5580000)
 Metaspace       used 55495K, committed 56384K, reserved 1105920K
  class space    used 5465K, committed 5824K, reserved 1048576K
}

